<?xml version="1.0" encoding="UTF-8"?>
<!-- Generated by org.testng.reporters.JUnitReportReporter -->
<testsuite hostname="LAPTOP-CUFQDMPR" failures="0" tests="4" name="Demo.Trello_Api" time="0.000" errors="0" timestamp="2023-05-16T10:55:22 IST" skipped="4">
  <testcase classname="Demo.Trello_Api" name="CreateBoard" time="0.000">
    <skipped/>
  </testcase> <!-- CreateBoard -->
  <system-out/>
  <testcase classname="Demo.Trello_Api" name="UpdateBoard" time="0.000">
    <skipped/>
  </testcase> <!-- UpdateBoard -->
  <system-out/>
  <testcase classname="Demo.Trello_Api" name="GetBoard" time="0.000">
    <skipped/>
  </testcase> <!-- GetBoard -->
  <system-out/>
  <testcase classname="Demo.Trello_Api" name="DeleteBoard" time="0.000">
    <skipped/>
  </testcase> <!-- DeleteBoard -->
  <system-out/>
</testsuite> <!-- Demo.Trello_Api -->
