<?xml version="1.0" encoding="UTF-8"?>
<!-- Generated by org.testng.reporters.JUnitReportReporter -->
<testsuite hostname="LAPTOP-CUFQDMPR" failures="0" tests="5" name="Demo.SimpleBooks" time="0.000" errors="0" timestamp="2023-05-16T10:55:22 IST" skipped="5">
  <testcase classname="Demo.SimpleBooks" name="CreateBook" time="0.000">
    <skipped/>
  </testcase> <!-- CreateBook -->
  <system-out/>
  <testcase classname="Demo.SimpleBooks" name="orderBook" time="0.000">
    <skipped/>
  </testcase> <!-- orderBook -->
  <system-out/>
  <testcase classname="Demo.SimpleBooks" name="updateBookName" time="0.000">
    <skipped/>
  </testcase> <!-- updateBookName -->
  <system-out/>
  <testcase classname="Demo.SimpleBooks" name="getBookDetails" time="0.000">
    <skipped/>
  </testcase> <!-- getBookDetails -->
  <system-out/>
  <testcase classname="Demo.SimpleBooks" name="deleteBook" time="0.000">
    <skipped/>
  </testcase> <!-- deleteBook -->
  <system-out/>
</testsuite> <!-- Demo.SimpleBooks -->
